<?xml version="1.0" encoding="UTF-8"?>
<!-- Generated by org.testng.reporters.JUnitXMLReporter -->
<testsuite ignored="0" hostname="DESKTOP-C83DJ2P" failures="1" tests="5" name="Test" time="139.675" errors="0" timestamp="2026-08-03T08:40:39 IST">
  <testcase classname="testCases.TC003_LoginDDT" name="verifyLoginDDT" time="2.795"/>
  <testcase classname="testCases.TC003_LoginDDT" name="verifyLoginDDT" time="31.563"/>
  <testcase classname="testCases.TC003_LoginDDT" name="verifyLoginDDT" time="33.431"/>
  <testcase classname="testCases.TC003_LoginDDT" name="verifyLoginDDT" time="32.154"/>
  <testcase classname="testCases.TC003_LoginDDT" name="verifyLoginDDT" time="30.888">
    <failure type="java.lang.AssertionError" message="expected [true] but found [false]">
      <![CDATA[java.lang.AssertionError: expected [true] but found [false]
at testCases.TC003_LoginDDT.verifyLoginDDT(TC003_LoginDDT.java:46)
at java.base/java.util.ArrayList.forEach(ArrayList.java:1596)
... Removed 29 stack frames]]>
    </failure>
  </testcase> <!-- verifyLoginDDT -->
</testsuite> <!-- Test -->
