<?xml version="1.0" encoding="UTF-8"?>
<!-- Generated by org.testng.reporters.JUnitXMLReporter -->
<testsuite ignored="0" hostname="DESKTOP-C83DJ2P" failures="0" tests="4" name="Test" time="113.64" errors="0" timestamp="2026-08-03T08:31:33 IST">
  <testcase classname="testCases.TC003_LoginDDT" name="verifyLoginDDT" time="3.304"/>
  <testcase classname="testCases.TC003_LoginDDT" name="verifyLoginDDT" time="33.639"/>
  <testcase classname="testCases.TC003_LoginDDT" name="verifyLoginDDT" time="32.641"/>
  <testcase classname="testCases.TC003_LoginDDT" name="verifyLoginDDT" time="32.198"/>
</testsuite> <!-- Test -->
