<?xml version="1.0" encoding="UTF-8"?>
<testng-results ignored="0" total="1" passed="1" failed="0" skipped="0">
  <reporter-output>
  </reporter-output>
  <suite started-at="2026-07-27T12:16:22 IST" name="Suite" finished-at="2026-07-27T12:17:11 IST" duration-ms="49026">
    <groups>
    </groups>
    <test started-at="2026-07-27T12:16:22 IST" name="Test" finished-at="2026-07-27T12:17:11 IST" duration-ms="49026">
      <class name="testCases.TC001_AccountRegistrationPage">
        <test-method is-config="true" signature="setup(java.lang.String,java.lang.String)[pri:0, instance:testCases.TC001_AccountRegistrationPage@344f4dea]" started-at="2026-07-27T12:16:23 IST" name="setup" finished-at="2026-07-27T12:17:06 IST" duration-ms="43047" status="PASS">
          <params>
            <param index="0">
              <value>
                <![CDATA[windows]]>
              </value>
            </param>
            <param index="1">
              <value>
                <![CDATA[chrome]]>
              </value>
            </param>
          </params>
          <reporter-output>
          </reporter-output>
        </test-method> <!-- setup -->
        <test-method signature="verifyAccountRegistration()[pri:0, instance:testCases.TC001_AccountRegistrationPage@344f4dea]" started-at="2026-07-27T12:17:06 IST" name="verifyAccountRegistration" finished-at="2026-07-27T12:17:11 IST" duration-ms="5355" status="PASS">
          <reporter-output>
          </reporter-output>
        </test-method> <!-- verifyAccountRegistration -->
        <test-method is-config="true" signature="tearDown()[pri:0, instance:testCases.TC001_AccountRegistrationPage@344f4dea]" started-at="2026-07-27T12:17:11 IST" name="tearDown" finished-at="2026-07-27T12:17:11 IST" duration-ms="533" status="PASS">
          <reporter-output>
          </reporter-output>
        </test-method> <!-- tearDown -->
      </class> <!-- testCases.TC001_AccountRegistrationPage -->
    </test> <!-- Test -->
  </suite> <!-- Suite -->
</testng-results>
