<?xml version="1.0" encoding="UTF-8"?>
<!-- Generated by org.testng.reporters.JUnitReportReporter -->
<testsuite hostname="DESKTOP-C83DJ2P" failures="0" tests="4" name="testCases.TC003_LoginDDT" time="101.782" errors="0" timestamp="2026-08-03T08:31:33 IST" skipped="0">
  <testcase classname="testCases.TC003_LoginDDT" name="verifyLoginDDT" time="3.304"/>
  <testcase classname="testCases.TC003_LoginDDT" name="verifyLoginDDT" time="33.639"/>
  <testcase classname="testCases.TC003_LoginDDT" name="verifyLoginDDT" time="32.641"/>
  <testcase classname="testCases.TC003_LoginDDT" name="verifyLoginDDT" time="32.198"/>
</testsuite> <!-- testCases.TC003_LoginDDT -->
